# JRE version: Java(TM) SE Runtime Environment (12.0.2+10) (build 12.0.2+10)
# Java VM: Java HotSpot(TM) 64-Bit Server VM (12.0.2+10, mixed mode, sharing, tiered, compressed oops, g1 gc, windows-amd64)
Heap:
 garbage-first heap   total 31744K, used 26245K [0x0000000081200000, 0x0000000100000000)
  region size 1024K, 3 young (3072K), 1 survivors (1024K)
 Metaspace       used 6247K, capacity 8605K, committed 8832K, reserved 1056768K
  class space    used 325K, capacity 634K, committed 640K, reserved 1048576K
GC Heap History (10 events):
Event: 516.925 GC heap before
{Heap before GC invocations=2465 (full 0):
 garbage-first heap   total 41984K, used 20097K [0x0000000081200000, 0x0000000100000000)
  region size 1024K, 2 young (2048K), 1 survivors (1024K)
 Metaspace       used 6247K, capacity 8605K, committed 8832K, reserved 1056768K
  class space    used 325K, capacity 634K, committed 640K, reserved 1048576K
}
Event: 516.926 GC heap after
{Heap after GC invocations=2466 (full 0):
 garbage-first heap   total 41984K, used 3710K [0x0000000081200000, 0x0000000100000000)
  region size 1024K, 1 young (1024K), 1 survivors (1024K)
 Metaspace       used 6247K, capacity 8605K, committed 8832K, reserved 1056768K
  class space    used 325K, capacity 634K, committed 640K, reserved 1048576K
}
Event: 516.927 GC heap before
{Heap before GC invocations=2466 (full 0):
 garbage-first heap   total 41984K, used 3710K [0x0000000081200000, 0x0000000100000000)
  region size 1024K, 2 young (2048K), 1 survivors (1024K)
 Metaspace       used 6247K, capacity 8605K, committed 8832K, reserved 1056768K
  class space    used 325K, capacity 634K, committed 640K, reserved 1048576K
}
Event: 516.928 GC heap after
{Heap after GC invocations=2467 (full 0):
 garbage-first heap   total 41984K, used 3718K [0x0000000081200000, 0x0000000100000000)
  region size 1024K, 1 young (1024K), 1 survivors (1024K)
 Metaspace       used 6247K, capacity 8605K, committed 8832K, reserved 1056768K
  class space    used 325K, capacity 634K, committed 640K, reserved 1048576K
}
Event: 517.477 GC heap before
{Heap before GC invocations=2468 (full 0):
 garbage-first heap   total 40960K, used 37510K [0x0000000081200000, 0x0000000100000000)
  region size 1024K, 3 young (3072K), 1 survivors (1024K)
 Metaspace       used 6247K, capacity 8605K, committed 8832K, reserved 1056768K
  class space    used 325K, capacity 634K, committed 640K, reserved 1048576K
}
Event: 517.478 GC heap after
{Heap after GC invocations=2469 (full 0):
 garbage-first heap   total 41984K, used 3712K [0x0000000081200000, 0x0000000100000000)
  region size 1024K, 1 young (1024K), 1 survivors (1024K)
 Metaspace       used 6247K, capacity 8605K, committed 8832K, reserved 1056768K
  class space    used 325K, capacity 634K, committed 640K, reserved 1048576K
}
Event: 517.742 GC heap before
{Heap before GC invocations=2469 (full 0):
 garbage-first heap   total 41984K, used 20096K [0x0000000081200000, 0x0000000100000000)
  region size 1024K, 2 young (2048K), 1 survivors (1024K)
 Metaspace       used 6247K, capacity 8605K, committed 8832K, reserved 1056768K
  class space    used 325K, capacity 634K, committed 640K, reserved 1048576K
}
Event: 517.743 GC heap after
{Heap after GC invocations=2470 (full 0):
 garbage-first heap   total 41984K, used 3711K [0x0000000081200000, 0x0000000100000000)
  region size 1024K, 1 young (1024K), 1 survivors (1024K)
 Metaspace       used 6247K, capacity 8605K, committed 8832K, reserved 1056768K
  class space    used 325K, capacity 634K, committed 640K, reserved 1048576K
}
Event: 517.745 GC heap before
{Heap before GC invocations=2470 (full 0):
 garbage-first heap   total 41984K, used 3711K [0x0000000081200000, 0x0000000100000000)
  region size 1024K, 2 young (2048K), 1 survivors (1024K)
 Metaspace       used 6247K, capacity 8605K, committed 8832K, reserved 1056768K
  class space    used 325K, capacity 634K, committed 640K, reserved 1048576K
}
Event: 517.745 GC heap after
{Heap after GC invocations=2471 (full 0):
 garbage-first heap   total 41984K, used 3717K [0x0000000081200000, 0x0000000100000000)
  region size 1024K, 1 young (1024K), 1 survivors (1024K)
 Metaspace       used 6247K, capacity 8605K, committed 8832K, reserved 1056768K
  class space    used 325K, capacity 634K, committed 640K, reserved 1048576K
}

